
blink.elf:     file format elf32-littlearm


Disassembly of section .text:

08004000 <vector_table>:
 8004000:	00 00 02 20 05 43 00 08 01 43 00 08 ff 42 00 08     ... .C...C...B..
 8004010:	ff 42 00 08 ff 42 00 08 ff 42 00 08 00 00 00 00     .B...B...B......
	...
 800402c:	01 43 00 08 01 43 00 08 00 00 00 00 01 43 00 08     .C...C.......C..
 800403c:	41 42 00 08 ff 42 00 08 ff 42 00 08 ff 42 00 08     AB...B...B...B..
 800404c:	ff 42 00 08 ff 42 00 08 ff 42 00 08 ff 42 00 08     .B...B...B...B..
 800405c:	ff 42 00 08 ff 42 00 08 ff 42 00 08 ff 42 00 08     .B...B...B...B..
 800406c:	ff 42 00 08 ff 42 00 08 ff 42 00 08 ff 42 00 08     .B...B...B...B..
 800407c:	ff 42 00 08 ff 42 00 08 ff 42 00 08 ff 42 00 08     .B...B...B...B..
 800408c:	ff 42 00 08 ff 42 00 08 ff 42 00 08 ff 42 00 08     .B...B...B...B..
 800409c:	ff 42 00 08 ff 42 00 08 ff 42 00 08 ff 42 00 08     .B...B...B...B..
 80040ac:	ff 42 00 08 ff 42 00 08 ff 42 00 08 ff 42 00 08     .B...B...B...B..
 80040bc:	ff 42 00 08 ff 42 00 08 ff 42 00 08 ff 42 00 08     .B...B...B...B..
 80040cc:	ff 42 00 08 ff 42 00 08 ff 42 00 08 ff 42 00 08     .B...B...B...B..
 80040dc:	ff 42 00 08 ff 42 00 08 ff 42 00 08 ff 42 00 08     .B...B...B...B..
 80040ec:	ff 42 00 08 ff 42 00 08 ff 42 00 08 ff 42 00 08     .B...B...B...B..
 80040fc:	ff 42 00 08 ff 42 00 08 ff 42 00 08 ff 42 00 08     .B...B...B...B..
 800410c:	ff 42 00 08 ff 42 00 08 ff 42 00 08 ff 42 00 08     .B...B...B...B..
 800411c:	ff 42 00 08 ff 42 00 08 ff 42 00 08 ff 42 00 08     .B...B...B...B..
 800412c:	ff 42 00 08 ff 42 00 08 ff 42 00 08 ff 42 00 08     .B...B...B...B..
 800413c:	ff 42 00 08 ff 42 00 08 ff 42 00 08 ff 42 00 08     .B...B...B...B..
 800414c:	31 42 00 08 ff 42 00 08 ff 42 00 08 ff 42 00 08     1B...B...B...B..
 800415c:	ff 42 00 08 ff 42 00 08 ff 42 00 08 ff 42 00 08     .B...B...B...B..
 800416c:	ff 42 00 08 ff 42 00 08 ff 42 00 08 ff 42 00 08     .B...B...B...B..
 800417c:	ff 42 00 08 ff 42 00 08 ff 42 00 08 ff 42 00 08     .B...B...B...B..
 800418c:	ff 42 00 08 ff 42 00 08 ff 42 00 08 ff 42 00 08     .B...B...B...B..
 800419c:	ff 42 00 08 ff 42 00 08 ff 42 00 08 ff 42 00 08     .B...B...B...B..

080041ac <main>:
 80041ac:	b5f8      	push	{r3, r4, r5, r6, r7, lr}
 80041ae:	4b0d      	ldr	r3, [pc, #52]	; (80041e4 <main+0x38>)
 80041b0:	4a0d      	ldr	r2, [pc, #52]	; (80041e8 <main+0x3c>)
 80041b2:	601a      	str	r2, [r3, #0]
 80041b4:	f000 f84c 	bl	8004250 <initSerial>
 80041b8:	b662      	cpsie	i
 80041ba:	f000 f81f 	bl	80041fc <showLeds>
 80041be:	4c0b      	ldr	r4, [pc, #44]	; (80041ec <main+0x40>)
 80041c0:	4d0b      	ldr	r5, [pc, #44]	; (80041f0 <main+0x44>)
 80041c2:	4e0c      	ldr	r6, [pc, #48]	; (80041f4 <main+0x48>)
 80041c4:	f000 f82c 	bl	8004220 <toggleLeds>
 80041c8:	6823      	ldr	r3, [r4, #0]
 80041ca:	4798      	blx	r3
 80041cc:	b128      	cbz	r0, 80041da <main+0x2e>
 80041ce:	6833      	ldr	r3, [r6, #0]
 80041d0:	682f      	ldr	r7, [r5, #0]
 80041d2:	4798      	blx	r3
 80041d4:	3001      	adds	r0, #1
 80041d6:	b2c0      	uxtb	r0, r0
 80041d8:	47b8      	blx	r7
 80041da:	4b07      	ldr	r3, [pc, #28]	; (80041f8 <main+0x4c>)
 80041dc:	bf00      	nop
 80041de:	3b01      	subs	r3, #1
 80041e0:	d1fc      	bne.n	80041dc <main+0x30>
 80041e2:	e7ef      	b.n	80041c4 <main+0x18>
 80041e4:	e000ed08 	.word	0xe000ed08
 80041e8:	08004000 	.word	0x08004000
 80041ec:	20000800 	.word	0x20000800
 80041f0:	20000808 	.word	0x20000808
 80041f4:	20000804 	.word	0x20000804
 80041f8:	00989680 	.word	0x00989680

080041fc <showLeds>:
 80041fc:	b510      	push	{r4, lr}
 80041fe:	4c07      	ldr	r4, [pc, #28]	; (800421c <showLeds+0x20>)
 8004200:	2101      	movs	r1, #1
 8004202:	4620      	mov	r0, r4
 8004204:	f44f 4370 	mov.w	r3, #61440	; 0xf000
 8004208:	2200      	movs	r2, #0
 800420a:	f000 f856 	bl	80042ba <gpio_mode_setup>
 800420e:	4620      	mov	r0, r4
 8004210:	f44f 41a0 	mov.w	r1, #20480	; 0x5000
 8004214:	e8bd 4010 	ldmia.w	sp!, {r4, lr}
 8004218:	f000 b844 	b.w	80042a4 <gpio_set>
 800421c:	40020c00 	.word	0x40020c00

08004220 <toggleLeds>:
 8004220:	f44f 4170 	mov.w	r1, #61440	; 0xf000
 8004224:	4801      	ldr	r0, [pc, #4]	; (800422c <toggleLeds+0xc>)
 8004226:	f000 b83f 	b.w	80042a8 <gpio_toggle>
 800422a:	bf00      	nop
 800422c:	40020c00 	.word	0x40020c00

08004230 <otg_fs_isr>:
 8004230:	f640 0100 	movw	r1, #2048	; 0x800
 8004234:	f2c2 0100 	movt	r1, #8192	; 0x2000
 8004238:	f851 1c04 	ldr.w	r1, [r1, #-4]
 800423c:	468f      	mov	pc, r1
 800423e:	4770      	bx	lr

08004240 <sys_tick_handler>:
 8004240:	f640 0100 	movw	r1, #2048	; 0x800
 8004244:	f2c2 0100 	movt	r1, #8192	; 0x2000
 8004248:	f851 1c08 	ldr.w	r1, [r1, #-8]
 800424c:	468f      	mov	pc, r1
 800424e:	4770      	bx	lr

08004250 <initSerial>:
 8004250:	4b0a      	ldr	r3, [pc, #40]	; (800427c <initSerial+0x2c>)
 8004252:	681a      	ldr	r2, [r3, #0]
 8004254:	4b0a      	ldr	r3, [pc, #40]	; (8004280 <initSerial+0x30>)
 8004256:	601a      	str	r2, [r3, #0]
 8004258:	4b0a      	ldr	r3, [pc, #40]	; (8004284 <initSerial+0x34>)
 800425a:	681a      	ldr	r2, [r3, #0]
 800425c:	4b0a      	ldr	r3, [pc, #40]	; (8004288 <initSerial+0x38>)
 800425e:	601a      	str	r2, [r3, #0]
 8004260:	4b0a      	ldr	r3, [pc, #40]	; (800428c <initSerial+0x3c>)
 8004262:	681a      	ldr	r2, [r3, #0]
 8004264:	4b0a      	ldr	r3, [pc, #40]	; (8004290 <initSerial+0x40>)
 8004266:	601a      	str	r2, [r3, #0]
 8004268:	4b0a      	ldr	r3, [pc, #40]	; (8004294 <initSerial+0x44>)
 800426a:	681a      	ldr	r2, [r3, #0]
 800426c:	4b0a      	ldr	r3, [pc, #40]	; (8004298 <initSerial+0x48>)
 800426e:	601a      	str	r2, [r3, #0]
 8004270:	4b0a      	ldr	r3, [pc, #40]	; (800429c <initSerial+0x4c>)
 8004272:	681a      	ldr	r2, [r3, #0]
 8004274:	4b0a      	ldr	r3, [pc, #40]	; (80042a0 <initSerial+0x50>)
 8004276:	601a      	str	r2, [r3, #0]
 8004278:	4770      	bx	lr
 800427a:	bf00      	nop
 800427c:	200007f4 	.word	0x200007f4
 8004280:	20000810 	.word	0x20000810
 8004284:	200007f0 	.word	0x200007f0
 8004288:	20000804 	.word	0x20000804
 800428c:	200007ec 	.word	0x200007ec
 8004290:	20000808 	.word	0x20000808
 8004294:	200007e8 	.word	0x200007e8
 8004298:	20000800 	.word	0x20000800
 800429c:	200007e4 	.word	0x200007e4
 80042a0:	2000080c 	.word	0x2000080c

080042a4 <gpio_set>:
 80042a4:	6181      	str	r1, [r0, #24]
 80042a6:	4770      	bx	lr

080042a8 <gpio_toggle>:
 80042a8:	6943      	ldr	r3, [r0, #20]
 80042aa:	ea03 0201 	and.w	r2, r3, r1
 80042ae:	ea21 0103 	bic.w	r1, r1, r3
 80042b2:	ea41 4102 	orr.w	r1, r1, r2, lsl #16
 80042b6:	6181      	str	r1, [r0, #24]
 80042b8:	4770      	bx	lr

080042ba <gpio_mode_setup>:
 80042ba:	e92d 41f0 	stmdb	sp!, {r4, r5, r6, r7, r8, lr}
 80042be:	6805      	ldr	r5, [r0, #0]
 80042c0:	68c4      	ldr	r4, [r0, #12]
 80042c2:	2600      	movs	r6, #0
 80042c4:	f04f 0c03 	mov.w	ip, #3
 80042c8:	fa43 f706 	asr.w	r7, r3, r6
 80042cc:	07ff      	lsls	r7, r7, #31
 80042ce:	d50f      	bpl.n	80042f0 <gpio_mode_setup+0x36>
 80042d0:	0077      	lsls	r7, r6, #1
 80042d2:	fa0c fe07 	lsl.w	lr, ip, r7
 80042d6:	ea6f 0e0e 	mvn.w	lr, lr
 80042da:	fa01 f807 	lsl.w	r8, r1, r7
 80042de:	ea0e 0505 	and.w	r5, lr, r5
 80042e2:	ea0e 0404 	and.w	r4, lr, r4
 80042e6:	fa02 f707 	lsl.w	r7, r2, r7
 80042ea:	ea48 0505 	orr.w	r5, r8, r5
 80042ee:	433c      	orrs	r4, r7
 80042f0:	3601      	adds	r6, #1
 80042f2:	2e10      	cmp	r6, #16
 80042f4:	d1e8      	bne.n	80042c8 <gpio_mode_setup+0xe>
 80042f6:	6005      	str	r5, [r0, #0]
 80042f8:	60c4      	str	r4, [r0, #12]
 80042fa:	e8bd 81f0 	ldmia.w	sp!, {r4, r5, r6, r7, r8, pc}

080042fe <blocking_handler>:
 80042fe:	e7fe      	b.n	80042fe <blocking_handler>

08004300 <null_handler>:
 8004300:	4770      	bx	lr
	...

08004304 <reset_handler>:
 8004304:	b538      	push	{r3, r4, r5, lr}
 8004306:	491b      	ldr	r1, [pc, #108]	; (8004374 <reset_handler+0x70>)
 8004308:	4c1b      	ldr	r4, [pc, #108]	; (8004378 <reset_handler+0x74>)
 800430a:	481c      	ldr	r0, [pc, #112]	; (800437c <reset_handler+0x78>)
 800430c:	2200      	movs	r2, #0
 800430e:	1853      	adds	r3, r2, r1
 8004310:	4283      	cmp	r3, r0
 8004312:	d31b      	bcc.n	800434c <reset_handler+0x48>
 8004314:	4a1a      	ldr	r2, [pc, #104]	; (8004380 <reset_handler+0x7c>)
 8004316:	2100      	movs	r1, #0
 8004318:	4293      	cmp	r3, r2
 800431a:	d31b      	bcc.n	8004354 <reset_handler+0x50>
 800431c:	4a19      	ldr	r2, [pc, #100]	; (8004384 <reset_handler+0x80>)
 800431e:	4c1a      	ldr	r4, [pc, #104]	; (8004388 <reset_handler+0x84>)
 8004320:	6813      	ldr	r3, [r2, #0]
 8004322:	4d1a      	ldr	r5, [pc, #104]	; (800438c <reset_handler+0x88>)
 8004324:	f443 7300 	orr.w	r3, r3, #512	; 0x200
 8004328:	6013      	str	r3, [r2, #0]
 800432a:	6f53      	ldr	r3, [r2, #116]	; 0x74
 800432c:	f443 0370 	orr.w	r3, r3, #15728640	; 0xf00000
 8004330:	6753      	str	r3, [r2, #116]	; 0x74
 8004332:	42ac      	cmp	r4, r5
 8004334:	d311      	bcc.n	800435a <reset_handler+0x56>
 8004336:	4c16      	ldr	r4, [pc, #88]	; (8004390 <reset_handler+0x8c>)
 8004338:	4d16      	ldr	r5, [pc, #88]	; (8004394 <reset_handler+0x90>)
 800433a:	42ac      	cmp	r4, r5
 800433c:	d311      	bcc.n	8004362 <reset_handler+0x5e>
 800433e:	f7ff ff35 	bl	80041ac <main>
 8004342:	4c15      	ldr	r4, [pc, #84]	; (8004398 <reset_handler+0x94>)
 8004344:	4d15      	ldr	r5, [pc, #84]	; (800439c <reset_handler+0x98>)
 8004346:	42ac      	cmp	r4, r5
 8004348:	d30f      	bcc.n	800436a <reset_handler+0x66>
 800434a:	bd38      	pop	{r3, r4, r5, pc}
 800434c:	5913      	ldr	r3, [r2, r4]
 800434e:	5053      	str	r3, [r2, r1]
 8004350:	3204      	adds	r2, #4
 8004352:	e7dc      	b.n	800430e <reset_handler+0xa>
 8004354:	6019      	str	r1, [r3, #0]
 8004356:	3304      	adds	r3, #4
 8004358:	e7de      	b.n	8004318 <reset_handler+0x14>
 800435a:	f854 3b04 	ldr.w	r3, [r4], #4
 800435e:	4798      	blx	r3
 8004360:	e7e7      	b.n	8004332 <reset_handler+0x2e>
 8004362:	f854 3b04 	ldr.w	r3, [r4], #4
 8004366:	4798      	blx	r3
 8004368:	e7e7      	b.n	800433a <reset_handler+0x36>
 800436a:	f854 3b04 	ldr.w	r3, [r4], #4
 800436e:	4798      	blx	r3
 8004370:	e7e9      	b.n	8004346 <reset_handler+0x42>
 8004372:	bf00      	nop
 8004374:	20000800 	.word	0x20000800
 8004378:	080043a0 	.word	0x080043a0
 800437c:	20000800 	.word	0x20000800
 8004380:	20000814 	.word	0x20000814
 8004384:	e000ed14 	.word	0xe000ed14
 8004388:	080043a0 	.word	0x080043a0
 800438c:	080043a0 	.word	0x080043a0
 8004390:	080043a0 	.word	0x080043a0
 8004394:	080043a0 	.word	0x080043a0
 8004398:	080043a0 	.word	0x080043a0
 800439c:	080043a0 	.word	0x080043a0
